<?xml version="1.0" encoding="UTF-8"?>
<!-- Generated by org.testng.reporters.JUnitXMLReporter -->
<testsuite ignored="0" hostname="ShyamAcer" failures="1" tests="1" name="validate Ttile Test" time="0.016" errors="0" timestamp="2024-05-28T07:01:10 IST">
  <testcase classname="testcases.TestCase2" name="validateTitles" time="0.011">
    <failure type="java.lang.AssertionError" message="The following asserts failed:
	expected [ Google.com] but found [Gamil.com],
	image not present expected [false] but found [true],
	tect box not present expected [false] but found [true]">
      <![CDATA[java.lang.AssertionError: The following asserts failed:
expected [ Google.com] but found [Gamil.com],
image not present expected [false] but found [true],
tect box not present expected [false] but found [true]
at testcases.TestCase2.validateTitles(TestCase2.java:36)
at java.base/java.util.ArrayList.forEach(ArrayList.java:1511)
... Removed 29 stack frames]]>
    </failure>
  </testcase> <!-- validateTitles -->
</testsuite> <!-- validate Ttile Test -->
